<?xml version="1.0" encoding="UTF-8"?>
<testng-results skipped="0" failed="0" ignored="0" total="4" passed="4">
  <reporter-output>
  </reporter-output>
  <suite name="Default suite" duration-ms="103" started-at="2019-05-29T05:41:11Z" finished-at="2019-05-29T05:41:11Z">
    <groups>
    </groups>
    <test name="Default test" duration-ms="103" started-at="2019-05-29T05:41:11Z" finished-at="2019-05-29T05:41:11Z">
      <class name="prioritization">
        <test-method status="PASS" signature="loginWithInvalidcredentials()[pri:0, instance:prioritization@2ef5e5e3]" name="loginWithInvalidcredentials" duration-ms="23" started-at="2019-05-29T05:41:11Z" finished-at="2019-05-29T05:41:11Z">
          <reporter-output>
          </reporter-output>
        </test-method> <!-- loginWithInvalidcredentials -->
        <test-method status="PASS" signature="loginWithvalidcredentials()[pri:0, instance:prioritization@2ef5e5e3]" name="loginWithvalidcredentials" duration-ms="0" started-at="2019-05-29T05:41:11Z" finished-at="2019-05-29T05:41:11Z">
          <reporter-output>
          </reporter-output>
        </test-method> <!-- loginWithvalidcredentials -->
        <test-method status="PASS" signature="browserLaunch()[pri:1, instance:prioritization@2ef5e5e3]" name="browserLaunch" duration-ms="0" started-at="2019-05-29T05:41:11Z" finished-at="2019-05-29T05:41:11Z">
          <reporter-output>
          </reporter-output>
        </test-method> <!-- browserLaunch -->
        <test-method status="PASS" signature="applicationLaunch()[pri:2, instance:prioritization@2ef5e5e3]" name="applicationLaunch" duration-ms="0" started-at="2019-05-29T05:41:11Z" finished-at="2019-05-29T05:41:11Z">
          <reporter-output>
          </reporter-output>
        </test-method> <!-- applicationLaunch -->
      </class> <!-- prioritization -->
    </test> <!-- Default test -->
  </suite> <!-- Default suite -->
</testng-results>
